02/27/22 08:52:52 PM: INFO: *****************   Test_002_DDT_Login     *****************
02/27/22 08:52:52 PM: INFO: *****************    Verifying login DDT test    *****************
02/27/22 08:53:00 PM: INFO: *** Passed ***
02/27/22 08:53:03 PM: INFO: *** Passed ***
02/27/22 08:53:05 PM: INFO: *** Passed ***
02/27/22 08:53:08 PM: INFO: *** Passed ***
02/27/22 08:53:08 PM: INFO: *** Login DDT is Passed ***
02/27/22 08:53:08 PM: INFO: ********   End of Login DDT Test   ******************
02/27/22 08:53:08 PM: INFO: ***********    Compleate TC_LoginDDT_002 ******************
02/27/22 08:55:55 PM: INFO: *****************   Test_002_DDT_Login     *****************
02/27/22 08:55:55 PM: INFO: *****************    Verifying login DDT test    *****************
02/27/22 08:56:00 PM: INFO: *** Passed ***
02/27/22 08:56:03 PM: INFO: *** Passed ***
02/27/22 08:56:05 PM: INFO: *** Passed ***
02/27/22 08:56:08 PM: INFO: *** Passed ***
02/27/22 08:56:08 PM: INFO: *** Login DDT is Passed ***
02/27/22 08:56:08 PM: INFO: ********   End of Login DDT Test   ******************
02/27/22 08:56:08 PM: INFO: ***********    Compleate TC_LoginDDT_002 ******************
02/27/22 09:03:55 PM: INFO: *****************   Test_002_DDT_Login     *****************
02/27/22 09:03:55 PM: INFO: *****************    Verifying login DDT test    *****************
02/27/22 09:04:00 PM: INFO: *** Passed ***
02/27/22 09:04:03 PM: INFO: *** Passed ***
02/27/22 09:04:05 PM: INFO: *** Passed ***
02/27/22 09:04:07 PM: INFO: *** Passed ***
02/27/22 09:04:07 PM: INFO: *** Login DDT is Passed ***
02/27/22 09:04:07 PM: INFO: ********   End of Login DDT Test   ******************
02/27/22 09:04:07 PM: INFO: ***********    Compleate TC_LoginDDT_002 ******************
02/27/22 09:05:47 PM: INFO: ***************** Test_001_Login *****************
02/27/22 09:05:47 PM: INFO: ***************** Verifying Home Page Title *****************
02/27/22 09:05:48 PM: INFO: ***************** Home Page Title is passed *****************
02/27/22 09:05:49 PM: INFO: ***************** Verifying login test *****************
02/27/22 09:05:52 PM: INFO: ***************** login test is passed  *****************
02/27/22 09:08:31 PM: INFO: ***************** Test_001_Login *****************
02/27/22 09:08:31 PM: INFO: ***************** Verifying Home Page Title *****************
02/27/22 09:08:32 PM: INFO: ***************** Home Page Title is passed *****************
02/27/22 09:08:33 PM: INFO: ***************** Verifying login test *****************
02/27/22 09:08:36 PM: INFO: ***************** login test is passed  *****************
02/27/22 09:08:37 PM: INFO: *****************   Test_002_DDT_Login     *****************
02/27/22 09:08:37 PM: INFO: *****************    Verifying login DDT test    *****************
02/27/22 09:08:41 PM: INFO: *** Passed ***
02/27/22 09:08:44 PM: INFO: *** Passed ***
02/27/22 09:08:46 PM: INFO: *** Passed ***
02/27/22 09:08:49 PM: INFO: *** Passed ***
02/27/22 09:08:49 PM: INFO: *** Login DDT is Passed ***
02/27/22 09:08:49 PM: INFO: ********   End of Login DDT Test   ******************
02/27/22 09:08:49 PM: INFO: ***********    Compleate TC_LoginDDT_002 ******************
02/27/22 09:15:40 PM: INFO: ***************** Test_001_Login *****************
02/27/22 09:15:40 PM: INFO: ***************** Verifying Home Page Title *****************
02/27/22 09:15:41 PM: INFO: ***************** Home Page Title is passed *****************
02/27/22 09:15:42 PM: INFO: ***************** Verifying login test *****************
02/27/22 09:15:45 PM: INFO: ***************** login test is passed  *****************
02/27/22 09:16:35 PM: INFO: ***************** Test_001_Login *****************
02/27/22 09:16:35 PM: INFO: ***************** Verifying Home Page Title *****************
02/27/22 09:16:36 PM: INFO: ***************** Home Page Title is passed *****************
02/27/22 09:16:37 PM: INFO: ***************** Verifying login test *****************
02/27/22 09:16:40 PM: INFO: ***************** login test is passed  *****************
02/27/22 09:17:58 PM: INFO: ***************** Test_001_Login *****************
02/27/22 09:17:58 PM: INFO: ***************** Verifying Home Page Title *****************
02/27/22 09:17:59 PM: INFO: ***************** Home Page Title is passed *****************
02/27/22 09:18:00 PM: INFO: ***************** Verifying login test *****************
02/27/22 09:18:02 PM: INFO: ***************** login test is passed  *****************
02/27/22 09:18:41 PM: INFO: ***************** Test_001_Login *****************
02/27/22 09:18:41 PM: INFO: ***************** Verifying Home Page Title *****************
02/27/22 09:18:41 PM: INFO: ***************** Home Page Title is passed *****************
02/27/22 09:18:42 PM: INFO: ***************** Verifying login test *****************
02/27/22 09:18:45 PM: INFO: ***************** login test is passed  *****************
02/27/22 09:19:23 PM: INFO: ***************** Test_001_Login *****************
02/27/22 09:19:23 PM: INFO: ***************** Verifying Home Page Title *****************
02/27/22 09:19:24 PM: INFO: ***************** Home Page Title is passed *****************
02/27/22 09:19:25 PM: INFO: ***************** Verifying login test *****************
02/27/22 09:19:27 PM: INFO: ***************** login test is passed  *****************
02/27/22 09:20:56 PM: INFO: ***************** Test_001_Login *****************
02/27/22 09:20:56 PM: INFO: ***************** Verifying Home Page Title *****************
02/27/22 09:20:57 PM: INFO: ***************** Home Page Title is passed *****************
02/27/22 09:20:58 PM: INFO: ***************** Verifying login test *****************
02/27/22 09:21:00 PM: INFO: ***************** login test is passed  *****************
02/27/22 10:06:38 PM: INFO: ***************** Test_001_Login *****************
02/27/22 10:06:38 PM: INFO: ***************** Verifying Home Page Title *****************
02/27/22 10:06:39 PM: INFO: ***************** Home Page Title is passed *****************
02/27/22 10:06:40 PM: INFO: ***************** Verifying login test *****************
02/27/22 10:06:43 PM: INFO: ***************** login test is passed  *****************
03/12/22 12:14:48 PM: INFO: 

03/12/22 12:14:48 PM: INFO: ====== WebDriver manager ======
03/12/22 12:14:48 PM: INFO: Getting latest opera release info for v.98.0.4758.82
03/12/22 12:14:48 PM: INFO: Trying to download new driver from https://github.com/operasoftware/operachromiumdriver/releases/download/v.98.0.4758.82/operadriver_win64.zip
03/12/22 12:14:49 PM: INFO: Driver has been saved in cache [C:\Users\kibri\.wdm\drivers\operadriver\win64\v.98.0.4758.82]
03/12/22 12:14:51 PM: INFO: *****************   Test_002_DDT_Login     *****************
03/12/22 12:14:51 PM: INFO: *****************    Verifying login DDT test    *****************
03/12/22 12:16:09 PM: INFO: ***************** Test_001_Login *****************
03/12/22 12:16:09 PM: INFO: ***************** Verifying Home Page Title *****************
03/12/22 12:16:10 PM: INFO: ***************** Home Page Title is passed *****************
03/12/22 12:16:11 PM: INFO: ***************** Verifying login test *****************
03/12/22 12:16:13 PM: INFO: ***************** login test is passed  *****************
03/12/22 12:17:35 PM: INFO: ***************** Test_001_Login *****************
03/12/22 12:17:35 PM: INFO: ***************** Verifying Home Page Title *****************
03/12/22 12:17:37 PM: INFO: ***************** Home Page Title is passed *****************
03/12/22 12:17:38 PM: INFO: ***************** Verifying login test *****************
03/12/22 12:17:40 PM: INFO: ***************** login test is passed  *****************
03/12/22 12:17:57 PM: INFO: *****************   Test_002_DDT_Login     *****************
03/12/22 12:17:57 PM: INFO: *****************    Verifying login DDT test    *****************
03/12/22 12:18:01 PM: INFO: *** Passed ***
03/12/22 12:18:04 PM: INFO: *** Passed ***
03/12/22 12:18:07 PM: INFO: *** Passed ***
03/12/22 12:18:09 PM: INFO: *** Passed ***
03/12/22 12:18:09 PM: INFO: *** Login DDT is Passed ***
03/12/22 12:18:09 PM: INFO: ********   End of Login DDT Test   ******************
03/12/22 12:18:09 PM: INFO: ***********    Compleate TC_LoginDDT_002 ******************
03/12/22 12:20:49 PM: INFO: 

03/12/22 12:20:49 PM: INFO: ====== WebDriver manager ======
03/12/22 12:20:49 PM: INFO: Current firefox version is 97.0
03/12/22 12:20:49 PM: INFO: Get LATEST geckodriver version for 97.0 firefox
03/12/22 12:20:49 PM: INFO: Getting latest mozilla release info for v0.30.0
03/12/22 12:20:49 PM: INFO: Trying to download new driver from https://github.com/mozilla/geckodriver/releases/download/v0.30.0/geckodriver-v0.30.0-win64.zip
03/12/22 12:20:50 PM: INFO: Driver has been saved in cache [C:\Users\kibri\.wdm\drivers\geckodriver\win64\v0.30.0]
03/12/22 12:20:55 PM: INFO: *****************   Test_002_DDT_Login     *****************
03/12/22 12:20:55 PM: INFO: *****************    Verifying login DDT test    *****************
03/12/22 12:20:59 PM: INFO: *** Passed ***
03/12/22 12:21:02 PM: INFO: *** Passed ***
03/12/22 12:21:05 PM: INFO: *** Passed ***
03/12/22 12:21:07 PM: INFO: *** Passed ***
03/12/22 12:21:07 PM: INFO: *** Login DDT is Passed ***
03/12/22 12:21:07 PM: INFO: ********   End of Login DDT Test   ******************
03/12/22 12:21:07 PM: INFO: ***********    Compleate TC_LoginDDT_002 ******************
03/17/22 09:59:52 PM: INFO: ***************** Test_003_AdCustomer *****************
03/17/22 09:59:54 PM: INFO: ***************** Test_003_AdCustomer *****************
03/17/22 09:59:57 PM: INFO: ***************** login in Successfully  *****************
03/17/22 09:59:57 PM: INFO: ***************** Starting Add Customer Test  *****************
03/17/22 10:04:41 PM: INFO: ***************** Test_003_AdCustomer *****************
03/17/22 10:04:43 PM: INFO: ***************** Test_003_AdCustomer *****************
03/17/22 10:04:46 PM: INFO: ***************** login in Successfully  *****************
03/17/22 10:04:46 PM: INFO: ***************** Starting Add Customer Test  *****************
03/17/22 10:06:08 PM: INFO: ***************** Test_003_AdCustomer *****************
03/17/22 10:06:11 PM: INFO: ***************** Test_003_AdCustomer *****************
03/17/22 10:06:13 PM: INFO: ***************** login in Successfully  *****************
03/17/22 10:06:13 PM: INFO: ***************** Starting Add Customer Test  *****************
03/17/22 10:09:46 PM: INFO: ***************** Test_003_AdCustomer *****************
03/17/22 10:09:48 PM: INFO: ***************** Test_003_AdCustomer *****************
03/17/22 10:09:51 PM: INFO: ***************** login in Successfully  *****************
03/17/22 10:09:51 PM: INFO: ***************** Starting Add Customer Test  *****************
03/17/22 10:14:25 PM: INFO: ***************** Test_003_AdCustomer *****************
03/17/22 10:14:27 PM: INFO: ***************** Test_003_AdCustomer *****************
03/17/22 10:14:30 PM: INFO: ***************** login in Successfully  *****************
03/17/22 10:14:30 PM: INFO: ***************** Starting Add Customer Test  *****************
03/17/22 10:15:33 PM: INFO: ***************** Test_003_AdCustomer *****************
03/17/22 10:15:35 PM: INFO: ***************** login in Successfully  *****************
03/17/22 10:15:35 PM: INFO: ***************** Starting Add Customer Test  *****************
03/18/22 04:23:08 PM: INFO: ***************** Test_003_AdCustomer *****************
03/18/22 04:23:11 PM: INFO: ***************** login in Successfully  *****************
03/18/22 04:23:11 PM: INFO: ***************** Starting Add Customer Test  *****************
03/18/22 04:24:03 PM: INFO: ***************** Test_003_AdCustomer *****************
03/18/22 04:24:06 PM: INFO: ***************** login in Successfully  *****************
03/18/22 04:24:06 PM: INFO: ***************** Starting Add Customer Test  *****************
03/18/22 04:24:11 PM: INFO: ***************** Providing Customer information  *****************
03/18/22 04:24:55 PM: INFO: ***************** Test_003_AdCustomer *****************
03/18/22 04:24:58 PM: INFO: ***************** login in Successfully  *****************
03/18/22 04:24:58 PM: INFO: ***************** Starting Add Customer Test  *****************
03/18/22 04:25:08 PM: INFO: ***************** Providing Customer information  *****************
03/18/22 04:58:57 PM: INFO: ***************** Test_003_AdCustomer *****************
03/18/22 04:59:00 PM: INFO: ***************** login in Successfully  *****************
03/18/22 04:59:00 PM: INFO: ***************** Starting Add Customer Test  *****************
03/18/22 04:59:10 PM: INFO: ***************** Providing Customer information  *****************
03/18/22 05:00:22 PM: INFO: ***************** Test_003_AdCustomer *****************
03/18/22 05:00:25 PM: INFO: ***************** login in Successfully  *****************
03/18/22 05:00:25 PM: INFO: ***************** Starting Add Customer Test  *****************
03/18/22 05:00:35 PM: INFO: ***************** Providing Customer information  *****************
03/18/22 05:38:49 PM: INFO: ***************** Test_003_AdCustomer *****************
03/18/22 05:39:40 PM: INFO: ***************** login in Successfully  *****************
03/18/22 05:39:40 PM: INFO: ***************** Starting Add Customer Test  *****************
03/18/22 05:39:54 PM: INFO: ***************** Providing Customer information  *****************
03/18/22 06:06:29 PM: INFO: ***************** Test_003_AdCustomer *****************
03/18/22 06:06:32 PM: INFO: ***************** login in Successfully  *****************
03/18/22 06:06:32 PM: INFO: ***************** Starting Add Customer Test  *****************
03/18/22 06:06:46 PM: INFO: ***************** Providing Customer information  *****************
03/18/22 06:15:34 PM: INFO: ***************** Test_003_AdCustomer *****************
03/18/22 06:15:39 PM: INFO: ***************** login in Successfully  *****************
03/18/22 06:15:39 PM: INFO: ***************** Starting Add Customer Test  *****************
03/18/22 06:15:50 PM: INFO: ***************** Providing Customer information  *****************
03/18/22 06:16:44 PM: INFO: ***************** Test_003_AdCustomer *****************
03/18/22 06:16:47 PM: INFO: ***************** login in Successfully  *****************
03/18/22 06:16:47 PM: INFO: ***************** Starting Add Customer Test  *****************
03/18/22 06:16:57 PM: INFO: ***************** Providing Customer information  *****************
03/18/22 06:17:55 PM: INFO: ***************** Test_003_AdCustomer *****************
03/18/22 06:17:57 PM: INFO: ***************** login in Successfully  *****************
03/18/22 06:17:57 PM: INFO: ***************** Starting Add Customer Test  *****************
03/18/22 06:18:08 PM: INFO: ***************** Providing Customer information  *****************
03/18/22 06:28:45 PM: INFO: ***************** Test_003_AdCustomer *****************
03/18/22 06:29:32 PM: INFO: ***************** login in Successfully  *****************
03/18/22 06:29:32 PM: INFO: ***************** Starting Add Customer Test  *****************
03/18/22 06:29:46 PM: INFO: ***************** Providing Customer information  *****************
03/18/22 06:37:34 PM: INFO: ***************** Test_003_AdCustomer *****************
03/18/22 06:37:36 PM: INFO: ***************** login in Successfully  *****************
03/18/22 06:37:36 PM: INFO: ***************** Starting Add Customer Test  *****************
03/18/22 06:37:47 PM: INFO: ***************** Providing Customer information  *****************
03/18/22 06:38:00 PM: INFO: ***************** Saving Customer info Successfully  *****************
03/18/22 06:38:00 PM: INFO: ***************** Add Customer Validation Started  *****************
03/18/22 06:40:39 PM: INFO: ***************** Test_003_AdCustomer *****************
03/18/22 06:40:42 PM: INFO: ***************** login in Successfully  *****************
03/18/22 06:40:42 PM: INFO: ***************** Starting Add Customer Test  *****************
03/18/22 06:40:52 PM: INFO: ***************** Providing Customer information  *****************
03/18/22 06:41:05 PM: INFO: ***************** Saving Customer info Successfully  *****************
03/18/22 06:41:05 PM: INFO: ***************** Add Customer Validation Started  *****************
03/18/22 06:48:01 PM: INFO: ***************** Test_003_AdCustomer *****************
03/18/22 06:48:26 PM: INFO: ***************** Test_003_AdCustomer *****************
03/18/22 06:48:50 PM: INFO: ***************** login in Successfully  *****************
03/18/22 06:48:50 PM: INFO: ***************** Starting Add Customer Test  *****************
03/18/22 06:49:04 PM: INFO: ***************** Providing Customer information  *****************
03/18/22 06:49:17 PM: INFO: ***************** Saving Customer info Successfully  *****************
03/18/22 06:49:17 PM: INFO: ***************** Add Customer Validation Started  *****************
03/18/22 06:49:18 PM: INFO: ***************** Add Customer Test Passed  *****************
03/18/22 06:49:18 PM: ERROR: ***************** Ending Test_003_AdCustomer test *****************
03/18/22 06:50:24 PM: INFO: ***************** Test_003_AdCustomer *****************
03/18/22 06:50:27 PM: INFO: ***************** login in Successfully  *****************
03/18/22 06:50:27 PM: INFO: ***************** Starting Add Customer Test  *****************
03/18/22 06:50:37 PM: INFO: ***************** Providing Customer information  *****************
03/18/22 06:50:51 PM: INFO: ***************** Saving Customer info Successfully  *****************
03/18/22 06:50:51 PM: INFO: ***************** Add Customer Validation Started  *****************
03/18/22 06:50:51 PM: INFO: ***************** Add Customer Test Passed  *****************
03/18/22 06:50:51 PM: ERROR: ***************** Ending Test_003_AdCustomer test *****************
03/18/22 06:52:53 PM: INFO: ***************** Test_003_AdCustomer *****************
03/18/22 06:52:56 PM: INFO: ***************** login in Successfully  *****************
03/18/22 06:52:56 PM: INFO: ***************** Starting Add Customer Test  *****************
03/18/22 06:53:06 PM: INFO: ***************** Providing Customer information  *****************
03/18/22 06:53:19 PM: INFO: ***************** Saving Customer info Successfully  *****************
03/18/22 06:53:19 PM: INFO: ***************** Add Customer Validation Started  *****************
03/18/22 06:53:20 PM: INFO: ***************** Add Customer Test Passed  *****************
03/18/22 06:53:20 PM: ERROR: ***************** Ending Test_003_AdCustomer test *****************
03/18/22 06:57:46 PM: INFO: ***************** Test_003_AddCustomer *****************
03/18/22 06:57:49 PM: INFO: ***************** login in Successfully  *****************
03/18/22 06:57:49 PM: INFO: ***************** Starting Add Customer Test  *****************
03/18/22 06:57:59 PM: INFO: ***************** Providing Customer information  *****************
03/18/22 06:58:12 PM: INFO: ***************** Saving Customer info Successfully  *****************
03/18/22 06:58:12 PM: INFO: ***************** Add Customer Validation Started  *****************
03/18/22 06:58:13 PM: INFO: ***************** Add Customer Test Passed  *****************
03/18/22 06:58:13 PM: ERROR: ***************** Ending Test_003_AdCustomer test *****************
03/18/22 06:59:21 PM: INFO: ***************** Test_003_AddCustomer *****************
03/18/22 06:59:23 PM: INFO: ***************** login in Successfully  *****************
03/18/22 06:59:23 PM: INFO: ***************** Starting Add Customer Test  *****************
03/18/22 07:01:27 PM: INFO: ***************** Test_003_AddCustomer *****************
03/18/22 07:01:30 PM: INFO: ***************** login in Successfully  *****************
03/18/22 07:01:30 PM: INFO: ***************** Starting Add Customer Test  *****************
03/18/22 07:01:36 PM: INFO: ***************** Providing Customer information  *****************
03/18/22 07:01:49 PM: INFO: ***************** Saving Customer info Successfully  *****************
03/18/22 07:01:49 PM: INFO: ***************** Add Customer Validation Started  *****************
03/18/22 07:01:50 PM: INFO: ***************** Add Customer Test Passed  *****************
03/18/22 07:01:50 PM: ERROR: ***************** Ending Test_003_AdCustomer test *****************
03/19/22 02:15:54 AM: INFO: ***************** Test_003_AddCustomer *****************
03/19/22 02:15:57 AM: INFO: ***************** login in Successfully  *****************
03/19/22 02:15:57 AM: INFO: ***************** Starting Add Customer Test  *****************
03/19/22 02:16:03 AM: INFO: ***************** Providing Customer information  *****************
03/19/22 02:16:16 AM: INFO: ***************** Saving Customer info Successfully  *****************
03/19/22 02:16:16 AM: INFO: ***************** Add Customer Validation Started  *****************
03/19/22 02:16:17 AM: INFO: ***************** Add Customer Test Passed  *****************
03/19/22 02:16:17 AM: ERROR: ***************** Ending Test_003_AdCustomer test *****************
03/19/22 02:17:12 AM: INFO: ***************** Test_003_AddCustomer *****************
03/19/22 02:17:14 AM: INFO: ***************** login in Successfully  *****************
03/19/22 02:17:14 AM: INFO: ***************** Starting Add Customer Test  *****************
03/19/22 02:17:21 AM: INFO: ***************** Providing Customer information  *****************
03/19/22 02:17:34 AM: INFO: ***************** Saving Customer info Successfully  *****************
03/19/22 02:17:34 AM: INFO: ***************** Add Customer Validation Started  *****************
03/19/22 02:17:34 AM: INFO: ***************** Add Customer Test Passed  *****************
03/19/22 02:17:38 AM: ERROR: ***************** Ending Test_003_AdCustomer test *****************
03/19/22 02:18:47 AM: INFO: ***************** Test_003_AddCustomer *****************
03/19/22 02:18:49 AM: INFO: ***************** login in Successfully  *****************
03/19/22 02:18:49 AM: INFO: ***************** Starting Add Customer Test  *****************
03/19/22 02:18:56 AM: INFO: ***************** Providing Customer information  *****************
03/19/22 02:19:09 AM: INFO: ***************** Saving Customer info Successfully  *****************
03/19/22 02:19:09 AM: INFO: ***************** Add Customer Validation Started  *****************
03/19/22 02:19:09 AM: INFO: ***************** Add Customer Test Passed  *****************
03/19/22 02:19:09 AM: ERROR: ***************** Ending Test_003_AdCustomer test *****************
03/19/22 02:31:46 AM: INFO: ***************** Test_004_SearchCustomerByEmail *****************
03/19/22 02:31:48 AM: INFO: ***************** login in Successfully  *****************
03/19/22 02:31:48 AM: INFO: ***************** SearchCustomerByEmail  *****************
03/19/22 02:38:25 AM: INFO: ***************** Test_004_SearchCustomerByEmail *****************
03/19/22 02:38:28 AM: INFO: ***************** login in Successfully  *****************
03/19/22 02:38:28 AM: INFO: ***************** SearchCustomerByEmail  *****************
03/19/22 02:39:13 AM: INFO: ***************** Test_004_SearchCustomerByEmail *****************
03/19/22 02:39:16 AM: INFO: ***************** login in Successfully  *****************
03/19/22 02:39:16 AM: INFO: ***************** SearchCustomerByEmail  *****************
03/19/22 02:39:20 AM: INFO: *****************  Searching Customer By Email ID  *****************
03/19/22 02:40:57 AM: INFO: ***************** Test_004_SearchCustomerByEmail *****************
03/19/22 02:41:00 AM: INFO: ***************** login in Successfully  *****************
03/19/22 02:41:00 AM: INFO: ***************** SearchCustomerByEmail  *****************
03/19/22 02:41:05 AM: INFO: *****************  Searching Customer By Email ID  *****************
03/19/22 02:46:13 AM: INFO: ***************** Test_004_SearchCustomerByEmail *****************
03/19/22 02:46:16 AM: INFO: ***************** login in Successfully  *****************
03/19/22 02:46:16 AM: INFO: ***************** SearchCustomerByEmail  *****************
03/19/22 02:46:21 AM: INFO: *****************  Searching Customer By Email ID  *****************
03/19/22 02:49:42 AM: INFO: ***************** Test_004_SearchCustomerByEmail *****************
03/19/22 02:49:53 AM: INFO: ***************** login in Successfully  *****************
03/19/22 02:49:53 AM: INFO: ***************** SearchCustomerByEmail  *****************
03/19/22 02:49:59 AM: INFO: *****************  Searching Customer By Email ID  *****************
03/19/22 02:52:01 AM: INFO: ***************** Test_004_SearchCustomerByEmail *****************
03/19/22 02:52:04 AM: INFO: ***************** login in Successfully  *****************
03/19/22 02:52:04 AM: INFO: ***************** SearchCustomerByEmail  *****************
03/19/22 02:52:08 AM: INFO: *****************  Searching Customer By Email ID  *****************
03/19/22 02:54:41 AM: INFO: ***************** Test_004_SearchCustomerByEmail *****************
03/19/22 02:54:44 AM: INFO: ***************** login in Successfully  *****************
03/19/22 02:54:44 AM: INFO: ***************** SearchCustomerByEmail  *****************
03/19/22 02:54:48 AM: INFO: *****************  Searching Customer By Email ID  *****************
03/19/22 02:54:52 AM: INFO: *****************  TC_SearchCustomerByEmail_004 Finished  *****************
03/19/22 02:59:08 AM: INFO: ***************** Test_004_SearchCustomerByEmail *****************
03/19/22 02:59:10 AM: INFO: ***************** login in Successfully  *****************
03/19/22 02:59:10 AM: INFO: ***************** SearchCustomerByEmail  *****************
03/19/22 02:59:15 AM: INFO: *****************  Searching Customer By Email ID  *****************
03/19/22 02:59:19 AM: INFO: *****************  TC_SearchCustomerByEmail_004 Finished  *****************
03/19/22 03:14:30 AM: INFO: ***************** Test_005_SearchCustomerByName *****************
03/19/22 03:14:33 AM: INFO: ***************** login in Successfully  *****************
03/19/22 03:14:33 AM: INFO: ***************** SearchCustomerByName  *****************
03/19/22 03:14:38 AM: INFO: *****************  Searching Customer By Name  *****************
03/19/22 03:14:42 AM: INFO: *****************  TC_SearchCustomerByName_005 Finished  *****************
03/19/22 03:49:02 AM: INFO: ***************** Test_001_Login *****************
03/19/22 03:49:02 AM: INFO: ***************** Verifying Home Page Title *****************
03/19/22 03:49:03 AM: INFO: ***************** Home Page Title is passed *****************
03/19/22 03:50:36 AM: INFO: ***************** Test_001_Login *****************
03/19/22 03:50:36 AM: INFO: ***************** Verifying Home Page Title *****************
03/19/22 03:50:37 AM: INFO: ***************** Home Page Title is passed *****************
03/19/22 03:51:48 AM: INFO: ***************** Test_003_AddCustomer *****************
03/19/22 03:51:50 AM: INFO: ***************** login in Successfully  *****************
03/19/22 03:51:50 AM: INFO: ***************** Starting Add Customer Test  *****************
03/19/22 03:51:57 AM: INFO: ***************** Providing Customer information  *****************
03/19/22 03:52:10 AM: INFO: ***************** Saving Customer info Successfully  *****************
03/19/22 03:52:10 AM: INFO: ***************** Add Customer Validation Started  *****************
03/19/22 03:52:10 AM: INFO: ***************** Add Customer Test Passed  *****************
03/19/22 03:52:10 AM: ERROR: ***************** Ending Test_003_AdCustomer test *****************
03/19/22 03:52:11 AM: INFO: ***************** Test_001_Login *****************
03/19/22 03:52:11 AM: INFO: ***************** Verifying Home Page Title *****************
03/19/22 03:52:12 AM: INFO: ***************** Home Page Title is passed *****************
03/19/22 03:55:38 AM: INFO: ***************** Verifying login test *****************
03/19/22 03:55:41 AM: INFO: ***************** login test is passed  *****************
03/19/22 04:16:03 AM: INFO: ***************** Test_003_AddCustomer *****************
03/19/22 04:16:05 AM: INFO: ***************** login in Successfully  *****************
03/19/22 04:16:05 AM: INFO: ***************** Starting Add Customer Test  *****************
03/19/22 04:16:12 AM: INFO: ***************** Providing Customer information  *****************
03/19/22 04:16:25 AM: INFO: ***************** Saving Customer info Successfully  *****************
03/19/22 04:16:25 AM: INFO: ***************** Add Customer Validation Started  *****************
03/19/22 04:16:26 AM: INFO: ***************** Add Customer Test Passed  *****************
03/19/22 04:16:26 AM: ERROR: ***************** Ending Test_003_AdCustomer test *****************
03/19/22 04:16:27 AM: INFO: ***************** Test_001_Login *****************
03/19/22 04:16:27 AM: INFO: ***************** Verifying Home Page Title *****************
03/19/22 04:16:28 AM: INFO: ***************** Home Page Title is passed *****************
03/19/22 04:19:26 AM: INFO: ***************** Test_003_AddCustomer *****************
03/19/22 04:19:30 AM: INFO: ***************** login in Successfully  *****************
03/19/22 04:19:30 AM: INFO: ***************** Starting Add Customer Test  *****************
03/19/22 04:19:36 AM: INFO: ***************** Providing Customer information  *****************
03/19/22 04:19:49 AM: INFO: ***************** Saving Customer info Successfully  *****************
03/19/22 04:19:49 AM: INFO: ***************** Add Customer Validation Started  *****************
03/19/22 04:19:50 AM: INFO: ***************** Add Customer Test Passed  *****************
03/19/22 04:19:50 AM: ERROR: ***************** Ending Test_003_AdCustomer test *****************
03/19/22 04:19:51 AM: INFO: ***************** Test_001_Login *****************
03/19/22 04:19:51 AM: INFO: ***************** Verifying Home Page Title *****************
03/19/22 04:19:52 AM: INFO: ***************** Home Page Title is passed *****************
03/19/22 04:20:58 AM: INFO: ***************** Verifying login test *****************
03/19/22 04:21:00 AM: INFO: ***************** login test is passed  *****************
03/19/22 04:21:51 AM: INFO: ***************** Verifying login test *****************
03/19/22 04:21:53 AM: INFO: ***************** login test is passed  *****************
03/19/22 04:21:55 AM: INFO: ***************** Verifying login test *****************
03/19/22 04:21:58 AM: INFO: ***************** login test is passed  *****************
